0 info it worked if it ends with ok
1 verbose cli [ 'node', '/usr/local/bin/npm', 'i', 'livereload', '-g' ]
2 info using npm@1.4.28
3 info using node@v0.10.40
4 verbose cache add [ 'livereload', null ]
5 verbose cache add name=undefined spec="livereload" args=["livereload",null]
6 verbose parsed url { protocol: null,
6 verbose parsed url   slashes: null,
6 verbose parsed url   auth: null,
6 verbose parsed url   host: null,
6 verbose parsed url   port: null,
6 verbose parsed url   hostname: null,
6 verbose parsed url   hash: null,
6 verbose parsed url   search: null,
6 verbose parsed url   query: null,
6 verbose parsed url   pathname: 'livereload',
6 verbose parsed url   path: 'livereload',
6 verbose parsed url   href: 'livereload' }
7 silly lockFile 637023bd-livereload livereload
8 verbose lock livereload /Users/fangxi/.npm/637023bd-livereload.lock
9 silly lockFile 637023bd-livereload livereload
10 silly lockFile 637023bd-livereload livereload
11 verbose addNamed [ 'livereload', '' ]
12 verbose addNamed [ null, '*' ]
13 silly lockFile e40f56e4-livereload livereload@
14 verbose lock livereload@ /Users/fangxi/.npm/e40f56e4-livereload.lock
15 silly addNameRange { name: 'livereload', range: '*', hasData: false }
16 verbose request where is /livereload
17 verbose request registry https://registry.npmjs.org/
18 verbose request id db8eb48664f48b84
19 verbose url raw /livereload
20 verbose url resolving [ 'https://registry.npmjs.org/', './livereload' ]
21 verbose url resolved https://registry.npmjs.org/livereload
22 verbose request where is https://registry.npmjs.org/livereload
23 info trying registry request attempt 1 at 17:08:19
24 http GET https://registry.npmjs.org/livereload
25 http 200 https://registry.npmjs.org/livereload
26 silly registry.get cb [ 200,
26 silly registry.get   { server: 'CouchDB/1.5.0 (Erlang OTP/R16B03)',
26 silly registry.get     etag: '"ANV2SPHRCU88MWPEHPDAPVZJE"',
26 silly registry.get     'content-type': 'application/json',
26 silly registry.get     'content-encoding': 'gzip',
26 silly registry.get     'cache-control': 'max-age=300',
26 silly registry.get     'content-length': '4537',
26 silly registry.get     'accept-ranges': 'bytes',
26 silly registry.get     date: 'Sat, 06 Aug 2016 09:08:21 GMT',
26 silly registry.get     via: '1.1 varnish',
26 silly registry.get     age: '0',
26 silly registry.get     connection: 'keep-alive',
26 silly registry.get     'x-served-by': 'cache-sea1921-SEA',
26 silly registry.get     'x-cache': 'MISS',
26 silly registry.get     'x-cache-hits': '0',
26 silly registry.get     'x-timer': 'S1470474501.403446,VS0,VE46',
26 silly registry.get     vary: 'Accept-Encoding' } ]
27 silly addNameRange number 2 { name: 'livereload', range: '*', hasData: true }
28 silly addNameRange versions [ 'livereload',
28 silly addNameRange   [ '0.3.4', '0.3.5', '0.3.6', '0.3.7', '0.4.0', '0.4.1', '0.5.0' ] ]
29 verbose addNamed [ 'livereload', '0.5.0' ]
30 verbose addNamed [ '0.5.0', '0.5.0' ]
31 silly lockFile b0dedf10-livereload-0-5-0 livereload@0.5.0
32 verbose lock livereload@0.5.0 /Users/fangxi/.npm/b0dedf10-livereload-0-5-0.lock
33 silly lockFile 4046304d--livereload-livereload-0-5-0-tgz https://registry.npmjs.org/livereload/-/livereload-0.5.0.tgz
34 verbose lock https://registry.npmjs.org/livereload/-/livereload-0.5.0.tgz /Users/fangxi/.npm/4046304d--livereload-livereload-0-5-0-tgz.lock
35 verbose addRemoteTarball [ 'https://registry.npmjs.org/livereload/-/livereload-0.5.0.tgz',
35 verbose addRemoteTarball   '9444bc143ca7bdaa2e596ddab125c47914c8a1c2' ]
36 info retry fetch attempt 1 at 17:08:21
37 verbose fetch to= /var/folders/8b/xy73qnjx7jl4zml8rvrjl2mm0000gn/T/npm-968-qo0d11zX/registry.npmjs.org/livereload/-/livereload-0.5.0.tgz
38 http GET https://registry.npmjs.org/livereload/-/livereload-0.5.0.tgz
39 http 200 https://registry.npmjs.org/livereload/-/livereload-0.5.0.tgz
40 silly lockFile 4046304d--livereload-livereload-0-5-0-tgz https://registry.npmjs.org/livereload/-/livereload-0.5.0.tgz
41 silly lockFile 4046304d--livereload-livereload-0-5-0-tgz https://registry.npmjs.org/livereload/-/livereload-0.5.0.tgz
42 silly lockFile b0dedf10-livereload-0-5-0 livereload@0.5.0
43 silly lockFile b0dedf10-livereload-0-5-0 livereload@0.5.0
44 silly lockFile e40f56e4-livereload livereload@
45 silly lockFile e40f56e4-livereload livereload@
46 silly resolved [ { name: 'livereload',
46 silly resolved     description: 'LiveReload server',
46 silly resolved     version: '0.5.0',
46 silly resolved     contributors: [ [Object] ],
46 silly resolved     licenses: [ [Object] ],
46 silly resolved     repository:
46 silly resolved      { type: 'git',
46 silly resolved        url: 'git+ssh://git@github.com/napcs/node-livereload.git' },
46 silly resolved     bin: { livereload: './bin/livereload.js' },
46 silly resolved     main: './lib/livereload.js',
46 silly resolved     dependencies: { chokidar: '^1.1.0', opts: '>= 1.2.0', ws: '^0.8.0' },
46 silly resolved     devDependencies:
46 silly resolved      { 'coffee-script': '>= 1.8.0',
46 silly resolved        mocha: '>= 1.0.3',
46 silly resolved        request: '>= 2.9.203',
46 silly resolved        should: '>= 0.6.3',
46 silly resolved        sinon: '^1.17.4' },
46 silly resolved     engines: { node: '>=0.4.0' },
46 silly resolved     scripts: { test: 'mocha' },
46 silly resolved     gitHead: '826b86e8df4a546a7238f1233513337370861ee3',
46 silly resolved     bugs: { url: 'https://github.com/napcs/node-livereload/issues' },
46 silly resolved     homepage: 'https://github.com/napcs/node-livereload#readme',
46 silly resolved     _id: 'livereload@0.5.0',
46 silly resolved     _shasum: '9444bc143ca7bdaa2e596ddab125c47914c8a1c2',
46 silly resolved     _from: 'livereload@',
46 silly resolved     _npmVersion: '3.6.0',
46 silly resolved     _nodeVersion: '5.7.0',
46 silly resolved     _npmUser: { name: 'bphogan', email: 'brianhogan@napcs.com' },
46 silly resolved     maintainers: [ [Object] ],
46 silly resolved     dist:
46 silly resolved      { shasum: '9444bc143ca7bdaa2e596ddab125c47914c8a1c2',
46 silly resolved        tarball: 'https://registry.npmjs.org/livereload/-/livereload-0.5.0.tgz' },
46 silly resolved     _npmOperationalInternal:
46 silly resolved      { host: 'packages-12-west.internal.npmjs.com',
46 silly resolved        tmp: 'tmp/livereload-0.5.0.tgz_1468724485000_0.1943739764392376' },
46 silly resolved     directories: {},
46 silly resolved     _resolved: 'https://registry.npmjs.org/livereload/-/livereload-0.5.0.tgz' } ]
47 info install livereload@0.5.0 into /usr/local/lib
48 info installOne livereload@0.5.0
49 verbose lib/node_modules/livereload unbuild
50 verbose tar unpack /Users/fangxi/.npm/livereload/0.5.0/package.tgz
51 silly lockFile 2307c857-ocal-lib-node-modules-livereload tar:///usr/local/lib/node_modules/livereload
52 verbose lock tar:///usr/local/lib/node_modules/livereload /Users/fangxi/.npm/2307c857-ocal-lib-node-modules-livereload.lock
53 silly lockFile 20277db5-npm-livereload-0-5-0-package-tgz tar:///Users/fangxi/.npm/livereload/0.5.0/package.tgz
54 verbose lock tar:///Users/fangxi/.npm/livereload/0.5.0/package.tgz /Users/fangxi/.npm/20277db5-npm-livereload-0-5-0-package-tgz.lock
55 silly gunzTarPerm modes [ '755', '644' ]
56 error Error: EACCES, mkdir '/usr/local/lib/node_modules/livereload'
56 error  { [Error: EACCES, mkdir '/usr/local/lib/node_modules/livereload']
56 error   errno: 3,
56 error   code: 'EACCES',
56 error   path: '/usr/local/lib/node_modules/livereload',
56 error   fstream_type: 'Directory',
56 error   fstream_path: '/usr/local/lib/node_modules/livereload',
56 error   fstream_class: 'DirWriter',
56 error   fstream_stack:
56 error    [ '/usr/local/lib/node_modules/npm/node_modules/fstream/lib/dir-writer.js:36:23',
56 error      '/usr/local/lib/node_modules/npm/node_modules/mkdirp/index.js:46:53',
56 error      'Object.oncomplete (fs.js:108:15)' ] }
57 error Please try running this command again as root/Administrator.
58 error System Darwin 15.6.0
59 error command "node" "/usr/local/bin/npm" "i" "livereload" "-g"
60 error cwd /Users/fangxi/GitHub/ifetask
61 error node -v v0.10.40
62 error npm -v 1.4.28
63 error path /usr/local/lib/node_modules/livereload
64 error fstream_path /usr/local/lib/node_modules/livereload
65 error fstream_type Directory
66 error fstream_class DirWriter
67 error code EACCES
68 error errno 3
69 error stack Error: EACCES, mkdir '/usr/local/lib/node_modules/livereload'
70 error fstream_stack /usr/local/lib/node_modules/npm/node_modules/fstream/lib/dir-writer.js:36:23
70 error fstream_stack /usr/local/lib/node_modules/npm/node_modules/mkdirp/index.js:46:53
70 error fstream_stack Object.oncomplete (fs.js:108:15)
71 verbose exit [ 3, true ]
